Removed Pin From Net: NetName=VCC Pin=D?-2
Change Component Comment : Designator=R1 Old Comment=10R New Comment=10K
Change Component Comment : Designator=R3 Old Comment=10R New Comment=10K
Change Component Designator: OldDesignator=D? NewDesignator=D1
Added Component: Designator=C14(Cap-0603)
Added Component: Designator=C15(Cap-0603)
Added Component: Designator=C16(Cap-0603)
Added Component: Designator=C17(Cap-0603)
Added Component: Designator=C18(Cap-0603)
Added Component: Designator=C19(Cap-0603)
Added Component: Designator=D2(LED_0603_B)
Added Component: Designator=K1(SW-SMD-2X4)
Added Component: Designator=P1(Header 2.54X12)
Added Component: Designator=P2(Header 2.54X16)
Added Component: Designator=R4(Res-0603)
Added Component: Designator=R5(Res-0603)
Added Pin To Net: NetName=GND Pin=C14-1
Added Pin To Net: NetName=NRST Pin=C14-2
Added Pin To Net: NetName=GND Pin=C15-1
Added Pin To Net: NetName=GND Pin=C16-1
Added Pin To Net: NetName=3.3V Pin=C16-2
Added Pin To Net: NetName=GND Pin=C17-1
Added Pin To Net: NetName=3.3V Pin=C17-2
Added Pin To Net: NetName=GND Pin=C18-1
Added Pin To Net: NetName=3.3V Pin=C18-2
Added Pin To Net: NetName=GND Pin=C19-1
Added Pin To Net: NetName=3.3V Pin=C19-2
Added Pin To Net: NetName=GND Pin=D2-1
Added Pin To Net: NetName=NRST Pin=D2-2
Added Pin To Net: NetName=GND Pin=K1-1
Added Pin To Net: NetName=NRST Pin=K1-3
Added Pin To Net: NetName=GND Pin=P1-1
Added Pin To Net: NetName=3.3V Pin=P1-2
Added Pin To Net: NetName=VCC Pin=P1-3
Added Pin To Net: NetName=D13 Pin=P1-4
Added Pin To Net: NetName=D12 Pin=P1-5
Added Pin To Net: NetName=D11 Pin=P1-6
Added Pin To Net: NetName=D10 Pin=P1-7
Added Pin To Net: NetName=D9 Pin=P1-8
Added Pin To Net: NetName=D6 Pin=P1-9
Added Pin To Net: NetName=D5 Pin=P1-10
Added Pin To Net: NetName=SCL Pin=P1-11
Added Pin To Net: NetName=SDA Pin=P1-12
Added Pin To Net: NetName=D4 Pin=P2-1
Added Pin To Net: NetName=TX_D1 Pin=P2-2
Added Pin To Net: NetName=RX_D0 Pin=P2-3
Added Pin To Net: NetName=MISO Pin=P2-4
Added Pin To Net: NetName=MOSI Pin=P2-5
Added Pin To Net: NetName=SCK Pin=P2-6
Added Pin To Net: NetName=A5 Pin=P2-7
Added Pin To Net: NetName=A4 Pin=P2-8
Added Pin To Net: NetName=A3 Pin=P2-9
Added Pin To Net: NetName=A2 Pin=P2-10
Added Pin To Net: NetName=A1 Pin=P2-11
Added Pin To Net: NetName=A0 Pin=P2-12
Added Pin To Net: NetName=GND Pin=P2-13
Added Pin To Net: NetName=3.3V Pin=P2-15
Added Pin To Net: NetName=NRST Pin=P2-16
Added Pin To Net: NetName=D13 Pin=R4-1
Added Pin To Net: NetName=3.3V Pin=R5-1
Added Pin To Net: NetName=NRST Pin=R5-2
Change Net Name : Old Net Name=FLASH_MOSJ New Net Name=FLASH_MOSI
Added Pin To Net: NetName=AREF Pin=C15-2
Added Pin To Net: NetName=AREF Pin=P2-14
Added Net: Name=AREF
Added Pin To Net: NetName=NetD1_2 Pin=D1-2
Added Pin To Net: NetName=NetD1_2 Pin=R4-2
Added Net: Name=NetD1_2
Added Member To Class: ClassName=stm32f405rgt6_DB_Sheet Member=Component C14 105
Added Member To Class: ClassName=stm32f405rgt6_DB_Sheet Member=Component C15 1uf
Added Member To Class: ClassName=stm32f405rgt6_DB_Sheet Member=Component C16 104
Added Member To Class: ClassName=stm32f405rgt6_DB_Sheet Member=Component C17 104
Added Member To Class: ClassName=stm32f405rgt6_DB_Sheet Member=Component C18 104
Added Member To Class: ClassName=stm32f405rgt6_DB_Sheet Member=Component C19 104
Added Member To Class: ClassName=stm32f405rgt6_DB_Sheet Member=Component D2 LED_SMD_BLUE
Added Member To Class: ClassName=stm32f405rgt6_DB_Sheet Member=Component K1 KEY
Added Member To Class: ClassName=stm32f405rgt6_DB_Sheet Member=Component P1 Header_12
Added Member To Class: ClassName=stm32f405rgt6_DB_Sheet Member=Component P2 Header_16
Added Member To Class: ClassName=stm32f405rgt6_DB_Sheet Member=Component R4 470R
Added Member To Class: ClassName=stm32f405rgt6_DB_Sheet Member=Component R5 1K
Added Room: Name=stm32f405rgt6_DB_Sheet
