Added Component: Designator=C1(Cap-0603)
Added Component: Designator=C2(Cap-0603)
Added Component: Designator=C3(Cap-0603)
Added Component: Designator=C4(Cap-0603)
Added Component: Designator=C5(Cap-0603)
Added Component: Designator=C6(Cap-0603)
Added Component: Designator=C7(Cap-0603)
Added Component: Designator=C8(Cap-0603)
Added Component: Designator=C9(Cap-0603)
Added Component: Designator=C10(tan_cap_C)
Added Component: Designator=C11(Cap-0603-M)
Added Component: Designator=C12(Cap-0603-M)
Added Component: Designator=C13(tan_cap_C)
Added Component: Designator=D?(LED_0603_W)
Added Component: Designator=R1(Res-0603)
Added Component: Designator=R2(Res-0603)
Added Component: Designator=R3(Res-0603)
Added Component: Designator=SD1(SD-CARD-Micro)
Added Component: Designator=U1(TQFP64_V)
Added Component: Designator=U2(AMS1117)
Added Component: Designator=USB1(USB-MICRO-SMD_C)
Added Component: Designator=X1(OSC 5032-2P)
Added Component: Designator=X2(OSC 5032-2P)
Added Pin To Net: NetName=3.3V Pin=C1-1
Added Pin To Net: NetName=3.3V Pin=C2-1
Added Pin To Net: NetName=3.3V Pin=C12-2
Added Pin To Net: NetName=3.3V Pin=C13-1
Added Pin To Net: NetName=3.3V Pin=R1-1
Added Pin To Net: NetName=3.3V Pin=R3-2
Added Pin To Net: NetName=3.3V Pin=SD1-4
Added Pin To Net: NetName=3.3V Pin=U1-19
Added Pin To Net: NetName=3.3V Pin=U1-32
Added Pin To Net: NetName=3.3V Pin=U1-43
Added Pin To Net: NetName=3.3V Pin=U1-48
Added Pin To Net: NetName=3.3V Pin=U1-64
Added Pin To Net: NetName=3.3V Pin=U2-2
Added Pin To Net: NetName=3.3V Pin=U2-4
Added Net: Name=3.3V
Added Pin To Net: NetName=A0 Pin=U1-20
Added Net: Name=A0
Added Pin To Net: NetName=A1 Pin=U1-21
Added Net: Name=A1
Added Pin To Net: NetName=A2 Pin=U1-22
Added Net: Name=A2
Added Pin To Net: NetName=A3 Pin=U1-23
Added Net: Name=A3
Added Pin To Net: NetName=A4 Pin=U1-24
Added Net: Name=A4
Added Pin To Net: NetName=A5 Pin=U1-25
Added Net: Name=A5
Added Pin To Net: NetName=BOOT0 Pin=R2-2
Added Pin To Net: NetName=BOOT0 Pin=U1-60
Added Net: Name=BOOT0
Added Pin To Net: NetName=D4 Pin=U1-33
Added Net: Name=D4
Added Pin To Net: NetName=D5 Pin=U1-38
Added Net: Name=D5
Added Pin To Net: NetName=D6 Pin=U1-37
Added Net: Name=D6
Added Pin To Net: NetName=D8_NEOPIX Pin=U1-8
Added Net: Name=D8_NEOPIX
Added Pin To Net: NetName=D9 Pin=U1-61
Added Net: Name=D9
Added Pin To Net: NetName=D10 Pin=U1-62
Added Net: Name=D10
Added Pin To Net: NetName=D11 Pin=U1-11
Added Net: Name=D11
Added Pin To Net: NetName=D12 Pin=U1-10
Added Net: Name=D12
Added Pin To Net: NetName=D13 Pin=U1-9
Added Net: Name=D13
Added Pin To Net: NetName=D+ Pin=U1-45
Added Pin To Net: NetName=D+ Pin=USB1-3
Added Net: Name=D+
Added Pin To Net: NetName=D- Pin=U1-44
Added Pin To Net: NetName=D- Pin=USB1-2
Added Net: Name=D-
Added Pin To Net: NetName=FLASH_CS Pin=U1-50
Added Net: Name=FLASH_CS
Added Pin To Net: NetName=FLASH_MISO Pin=U1-56
Added Net: Name=FLASH_MISO
Added Pin To Net: NetName=FLASH_MOSJ Pin=U1-57
Added Net: Name=FLASH_MOSJ
Added Pin To Net: NetName=FLASH_SCK Pin=U1-55
Added Net: Name=FLASH_SCK
Added Pin To Net: NetName=GND Pin=C1-2
Added Pin To Net: NetName=GND Pin=C2-2
Added Pin To Net: NetName=GND Pin=C3-1
Added Pin To Net: NetName=GND Pin=C6-2
Added Pin To Net: NetName=GND Pin=C7-1
Added Pin To Net: NetName=GND Pin=C8-1
Added Pin To Net: NetName=GND Pin=C9-1
Added Pin To Net: NetName=GND Pin=C10-2
Added Pin To Net: NetName=GND Pin=C11-1
Added Pin To Net: NetName=GND Pin=C12-1
Added Pin To Net: NetName=GND Pin=C13-2
Added Pin To Net: NetName=GND Pin=R2-1
Added Pin To Net: NetName=GND Pin=SD1-0
Added Pin To Net: NetName=GND Pin=SD1-0
Added Pin To Net: NetName=GND Pin=SD1-0
Added Pin To Net: NetName=GND Pin=SD1-0
Added Pin To Net: NetName=GND Pin=SD1-0
Added Pin To Net: NetName=GND Pin=SD1-0
Added Pin To Net: NetName=GND Pin=SD1-6
Added Pin To Net: NetName=GND Pin=U1-12
Added Pin To Net: NetName=GND Pin=U1-18
Added Pin To Net: NetName=GND Pin=U1-63
Added Pin To Net: NetName=GND Pin=U2-1
Added Pin To Net: NetName=GND Pin=USB1-4
Added Pin To Net: NetName=GND Pin=USB1-5
Added Net: Name=GND
Added Pin To Net: NetName=MISO Pin=U1-35
Added Net: Name=MISO
Added Pin To Net: NetName=MOSI Pin=U1-36
Added Net: Name=MOSI
Added Pin To Net: NetName=NetC4_1 Pin=C4-1
Added Pin To Net: NetName=NetC4_1 Pin=C5-2
Added Net: Name=NetC4_1
Added Pin To Net: NetName=NetC4_2 Pin=C4-2
Added Pin To Net: NetName=NetC4_2 Pin=U1-3
Added Pin To Net: NetName=NetC4_2 Pin=X2-1
Added Net: Name=NetC4_2
Added Pin To Net: NetName=NetC5_1 Pin=C5-1
Added Pin To Net: NetName=NetC5_1 Pin=U1-4
Added Pin To Net: NetName=NetC5_1 Pin=X2-2
Added Net: Name=NetC5_1
Added Pin To Net: NetName=NetC6_1 Pin=C6-1
Added Pin To Net: NetName=NetC6_1 Pin=U1-6
Added Pin To Net: NetName=NetC6_1 Pin=X1-2
Added Net: Name=NetC6_1
Added Pin To Net: NetName=NetC7_2 Pin=C7-2
Added Pin To Net: NetName=NetC7_2 Pin=U1-5
Added Pin To Net: NetName=NetC7_2 Pin=X1-1
Added Net: Name=NetC7_2
Added Pin To Net: NetName=NetC8_2 Pin=C8-2
Added Pin To Net: NetName=NetC8_2 Pin=U1-31
Added Net: Name=NetC8_2
Added Pin To Net: NetName=NetC9_2 Pin=C9-2
Added Pin To Net: NetName=NetC9_2 Pin=U1-47
Added Net: Name=NetC9_2
Added Pin To Net: NetName=NetR1_2 Pin=R1-2
Added Pin To Net: NetName=NetR1_2 Pin=U1-13
Added Net: Name=NetR1_2
Added Pin To Net: NetName=NRST Pin=U1-7
Added Net: Name=NRST
Added Pin To Net: NetName=RX_D0 Pin=U1-30
Added Net: Name=RX_D0
Added Pin To Net: NetName=SCK Pin=U1-34
Added Net: Name=SCK
Added Pin To Net: NetName=SCL Pin=U1-58
Added Net: Name=SCL
Added Pin To Net: NetName=SDA Pin=U1-59
Added Net: Name=SDA
Added Pin To Net: NetName=SDIO_CLK Pin=SD1-5
Added Pin To Net: NetName=SDIO_CLK Pin=U1-53
Added Net: Name=SDIO_CLK
Added Pin To Net: NetName=SDIO_CMD Pin=SD1-3
Added Pin To Net: NetName=SDIO_CMD Pin=U1-54
Added Net: Name=SDIO_CMD
Added Pin To Net: NetName=SDIO_D0 Pin=SD1-7
Added Pin To Net: NetName=SDIO_D0 Pin=U1-39
Added Net: Name=SDIO_D0
Added Pin To Net: NetName=SDIO_D1 Pin=SD1-8
Added Pin To Net: NetName=SDIO_D1 Pin=U1-40
Added Net: Name=SDIO_D1
Added Pin To Net: NetName=SDIO_D2 Pin=SD1-1
Added Pin To Net: NetName=SDIO_D2 Pin=U1-51
Added Net: Name=SDIO_D2
Added Pin To Net: NetName=SDIO_D3 Pin=R3-1
Added Pin To Net: NetName=SDIO_D3 Pin=SD1-2
Added Pin To Net: NetName=SDIO_D3 Pin=U1-52
Added Net: Name=SDIO_D3
Added Pin To Net: NetName=SWC Pin=U1-49
Added Net: Name=SWC
Added Pin To Net: NetName=SWD Pin=U1-46
Added Net: Name=SWD
Added Pin To Net: NetName=TX_D1 Pin=U1-29
Added Net: Name=TX_D1
Added Pin To Net: NetName=V_DIV Pin=U1-17
Added Net: Name=V_DIV
Added Pin To Net: NetName=VCC Pin=C10-1
Added Pin To Net: NetName=VCC Pin=C11-2
Added Pin To Net: NetName=VCC Pin=U2-3
Added Pin To Net: NetName=VCC Pin=USB1-1
Added Net: Name=VCC
Added Pin To Net: NetName=VDD Pin=C3-2
Added Pin To Net: NetName=VDD Pin=U1-1
Added Net: Name=VDD
Added Class: Name=stm32f405rgt6_DB_Sheet
Added Room: Name=stm32f405rgt6_DB_Sheet
